[
  {
    "line": 1,
    "elements": [
      {
        "start_timestamp": "2020-07-08T09:32:57.640Z",
        "before": [
          {
            "result": {
              "duration": 5936776500,
              "status": "passed"
            },
            "match": {
              "location": "com.vytrack.step_definitions.Hooks.setUp()"
            }
          }
        ],
        "line": 35,
        "name": "Test case 7",
        "description": "",
        "id": ";test-case-7",
        "after": [
          {
            "result": {
              "duration": 639576100,
              "status": "passed"
            },
            "match": {
              "location": "com.vytrack.step_definitions.Hooks.tearDown()"
            }
          }
        ],
        "type": "scenario",
        "keyword": "Scenario",
        "steps": [
          {
            "result": {
              "error_message": "org.openqa.selenium.StaleElementReferenceException: stale element reference: element is not attached to the page document\n  (Session info: chrome\u003d83.0.4103.116)\nFor documentation on this error, please visit: https://www.seleniumhq.org/exceptions/stale_element_reference.html\nBuild info: version: \u00273.141.59\u0027, revision: \u0027e82be7d358\u0027, time: \u00272018-11-14T08:17:03\u0027\nSystem info: host: \u0027LAPTOP-FP0GHEVJ\u0027, ip: \u0027192.168.1.162\u0027, os.name: \u0027Windows 10\u0027, os.arch: \u0027amd64\u0027, os.version: \u002710.0\u0027, java.version: \u002712.0.2\u0027\nDriver info: org.openqa.selenium.chrome.ChromeDriver\nCapabilities {acceptInsecureCerts: false, browserName: chrome, browserVersion: 83.0.4103.116, chrome: {chromedriverVersion: 83.0.4103.39 (ccbf011cb2d2b..., userDataDir: C:\\Users\\omero\\AppData\\Loca...}, goog:chromeOptions: {debuggerAddress: localhost:60937}, javascriptEnabled: true, networkConnectionEnabled: false, pageLoadStrategy: normal, platform: WINDOWS, platformName: WINDOWS, proxy: Proxy(), setWindowRect: true, strictFileInteractability: false, timeouts: {implicit: 0, pageLoad: 300000, script: 30000}, unhandledPromptBehavior: dismiss and notify, webauthn:virtualAuthenticators: true}\nSession ID: 80d66e11be7cb79a4b67b3cd0ffb33e6\r\n\tat java.base/jdk.internal.reflect.NativeConstructorAccessorImpl.newInstance0(Native Method)\r\n\tat java.base/jdk.internal.reflect.NativeConstructorAccessorImpl.newInstance(NativeConstructorAccessorImpl.java:62)\r\n\tat java.base/jdk.internal.reflect.DelegatingConstructorAccessorImpl.newInstance(DelegatingConstructorAccessorImpl.java:45)\r\n\tat java.base/java.lang.reflect.Constructor.newInstanceWithCaller(Constructor.java:500)\r\n\tat java.base/java.lang.reflect.Constructor.newInstance(Constructor.java:481)\r\n\tat org.openqa.selenium.remote.http.W3CHttpResponseCodec.createException(W3CHttpResponseCodec.java:187)\r\n\tat org.openqa.selenium.remote.http.W3CHttpResponseCodec.decode(W3CHttpResponseCodec.java:122)\r\n\tat org.openqa.selenium.remote.http.W3CHttpResponseCodec.decode(W3CHttpResponseCodec.java:49)\r\n\tat org.openqa.selenium.remote.HttpCommandExecutor.execute(HttpCommandExecutor.java:158)\r\n\tat org.openqa.selenium.remote.service.DriverCommandExecutor.execute(DriverCommandExecutor.java:83)\r\n\tat org.openqa.selenium.remote.RemoteWebDriver.execute(RemoteWebDriver.java:552)\r\n\tat org.openqa.selenium.remote.RemoteWebElement.execute(RemoteWebElement.java:285)\r\n\tat org.openqa.selenium.remote.RemoteWebElement.click(RemoteWebElement.java:84)\r\n\tat java.base/jdk.internal.reflect.NativeMethodAccessorImpl.invoke0(Native Method)\r\n\tat java.base/jdk.internal.reflect.NativeMethodAccessorImpl.invoke(NativeMethodAccessorImpl.java:62)\r\n\tat java.base/jdk.internal.reflect.DelegatingMethodAccessorImpl.invoke(DelegatingMethodAccessorImpl.java:43)\r\n\tat java.base/java.lang.reflect.Method.invoke(Method.java:567)\r\n\tat org.openqa.selenium.support.pagefactory.internal.LocatingElementHandler.invoke(LocatingElementHandler.java:51)\r\n\tat com.sun.proxy.$Proxy19.click(Unknown Source)\r\n\tat com.vytrack.pom.Login.login(Login.java:26)\r\n\tat com.vytrack.step_definitions.CalenderEvents.let_user_logged_in_as(CalenderEvents.java:23)\r\n\tat ✽.let user logged in as \"usernamestoremanager\" \"password\"(file:///C:/Users/omero/IdeaProjects/Test_Cases_4/src/test/resources/features/calendarEventsPage.feature:36)\r\n",
              "duration": 3011994500,
              "status": "failed"
            },
            "line": 36,
            "name": "let user logged in as \"usernamestoremanager\" \"password\"",
            "match": {
              "arguments": [
                {
                  "val": "\"usernamestoremanager\"",
                  "offset": 22
                },
                {
                  "val": "\"password\"",
                  "offset": 45
                }
              ],
              "location": "com.vytrack.step_definitions.CalenderEvents.let_user_logged_in_as(java.lang.String,java.lang.String)"
            },
            "keyword": "Given "
          },
          {
            "result": {
              "status": "skipped"
            },
            "line": 37,
            "name": "user navigates \"Activities\" \"Calendar Events\"",
            "match": {
              "arguments": [
                {
                  "val": "\"Activities\"",
                  "offset": 15
                },
                {
                  "val": "\"Calendar Events\"",
                  "offset": 28
                }
              ],
              "location": "com.vytrack.step_definitions.CalenderEvents.user_navigates(java.lang.String,java.lang.String)"
            },
            "keyword": "When "
          },
          {
            "result": {
              "status": "skipped"
            },
            "line": 38,
            "name": "user click on create Calendar Event option",
            "match": {
              "location": "com.vytrack.step_definitions.CalenderEvents.user_click_on_create_calendar_event_option()"
            },
            "keyword": "And "
          },
          {
            "result": {
              "duration": 995800,
              "status": "skipped"
            },
            "line": 39,
            "name": "user select all day check box",
            "match": {
              "location": "com.vytrack.step_definitions.createCalendarEventPage.user_select_all_day_check_box()"
            },
            "keyword": "And "
          },
          {
            "result": {
              "status": "skipped"
            },
            "line": 40,
            "name": "verify that all day check box is selected",
            "match": {
              "location": "com.vytrack.step_definitions.createCalendarEventPage.verify_that_all_day_check_box_is_selected()"
            },
            "keyword": "Then "
          },
          {
            "result": {
              "status": "skipped"
            },
            "line": 41,
            "name": "start and end input time are not displayed and start and end date box are displayed",
            "match": {
              "location": "com.vytrack.step_definitions.createCalendarEventPage.start_and_end_input_time_are_not_displayed_and_start_and_end_date_box_are_displayed()"
            },
            "keyword": "Then "
          }
        ],
        "tags": [
          {
            "name": "@wip"
          }
        ]
      }
    ],
    "name": "",
    "description": "",
    "id": "",
    "keyword": "Feature",
    "uri": "file:src/test/resources/features/calendarEventsPage.feature",
    "tags": []
  },
  {
    "line": 1,
    "elements": [
      {
        "start_timestamp": "2020-07-08T09:32:57.638Z",
        "before": [
          {
            "result": {
              "duration": 5936776500,
              "status": "passed"
            },
            "match": {
              "location": "com.vytrack.step_definitions.Hooks.setUp()"
            }
          }
        ],
        "line": 3,
        "name": "Test Case 5",
        "description": "",
        "id": "create-calendar-events-page;test-case-5",
        "after": [
          {
            "result": {
              "status": "passed"
            },
            "match": {
              "location": "com.vytrack.step_definitions.Hooks.tearDown()"
            }
          }
        ],
        "type": "scenario",
        "keyword": "Scenario",
        "steps": [
          {
            "result": {
              "duration": 2994445100,
              "status": "passed"
            },
            "line": 4,
            "name": "let user logged in as \"usernamestoremanager\" \"password\"",
            "match": {
              "arguments": [
                {
                  "val": "\"usernamestoremanager\"",
                  "offset": 22
                },
                {
                  "val": "\"password\"",
                  "offset": 45
                }
              ],
              "location": "com.vytrack.step_definitions.CalenderEvents.let_user_logged_in_as(java.lang.String,java.lang.String)"
            },
            "keyword": "Given "
          },
          {
            "result": {
              "error_message": "org.openqa.selenium.WebDriverException: java.net.ConnectException: Failed to connect to localhost/0:0:0:0:0:0:0:1:30946\nBuild info: version: \u00273.141.59\u0027, revision: \u0027e82be7d358\u0027, time: \u00272018-11-14T08:17:03\u0027\nSystem info: host: \u0027LAPTOP-FP0GHEVJ\u0027, ip: \u0027192.168.1.162\u0027, os.name: \u0027Windows 10\u0027, os.arch: \u0027amd64\u0027, os.version: \u002710.0\u0027, java.version: \u002712.0.2\u0027\nDriver info: driver.version: RemoteWebDriver\r\n\tat org.openqa.selenium.remote.service.DriverCommandExecutor.execute(DriverCommandExecutor.java:92)\r\n\tat org.openqa.selenium.remote.RemoteWebDriver.execute(RemoteWebDriver.java:552)\r\n\tat org.openqa.selenium.remote.RemoteWebDriver.findElement(RemoteWebDriver.java:323)\r\n\tat org.openqa.selenium.remote.RemoteWebDriver.findElementByXPath(RemoteWebDriver.java:428)\r\n\tat org.openqa.selenium.By$ByXPath.findElement(By.java:353)\r\n\tat org.openqa.selenium.remote.RemoteWebDriver.findElement(RemoteWebDriver.java:315)\r\n\tat com.vytrack.pom.Dashboard.navigateTomodule(Dashboard.java:25)\r\n\tat com.vytrack.step_definitions.CalenderEvents.user_navigates(CalenderEvents.java:30)\r\n\tat ✽.user navigates \"Activities\" \"Calendar Events\"(file:///C:/Users/omero/IdeaProjects/Test_Cases_4/src/test/resources/features/createCalendarEvent.feature:5)\r\nCaused by: java.net.ConnectException: Failed to connect to localhost/0:0:0:0:0:0:0:1:30946\r\n\tat okhttp3.internal.connection.RealConnection.connectSocket(RealConnection.java:247)\r\n\tat okhttp3.internal.connection.RealConnection.connect(RealConnection.java:165)\r\n\tat okhttp3.internal.connection.StreamAllocation.findConnection(StreamAllocation.java:257)\r\n\tat okhttp3.internal.connection.StreamAllocation.findHealthyConnection(StreamAllocation.java:135)\r\n\tat okhttp3.internal.connection.StreamAllocation.newStream(StreamAllocation.java:114)\r\n\tat okhttp3.internal.connection.ConnectInterceptor.intercept(ConnectInterceptor.java:42)\r\n\tat okhttp3.internal.http.RealInterceptorChain.proceed(RealInterceptorChain.java:147)\r\n\tat okhttp3.internal.http.RealInterceptorChain.proceed(RealInterceptorChain.java:121)\r\n\tat okhttp3.internal.cache.CacheInterceptor.intercept(CacheInterceptor.java:93)\r\n\tat okhttp3.internal.http.RealInterceptorChain.proceed(RealInterceptorChain.java:147)\r\n\tat okhttp3.internal.http.RealInterceptorChain.proceed(RealInterceptorChain.java:121)\r\n\tat okhttp3.internal.http.BridgeInterceptor.intercept(BridgeInterceptor.java:93)\r\n\tat okhttp3.internal.http.RealInterceptorChain.proceed(RealInterceptorChain.java:147)\r\n\tat okhttp3.internal.http.RetryAndFollowUpInterceptor.intercept(RetryAndFollowUpInterceptor.java:126)\r\n\tat okhttp3.internal.http.RealInterceptorChain.proceed(RealInterceptorChain.java:147)\r\n\tat okhttp3.internal.http.RealInterceptorChain.proceed(RealInterceptorChain.java:121)\r\n\tat okhttp3.RealCall.getResponseWithInterceptorChain(RealCall.java:200)\r\n\tat okhttp3.RealCall.execute(RealCall.java:77)\r\n\tat org.openqa.selenium.remote.internal.OkHttpClient.execute(OkHttpClient.java:103)\r\n\tat org.openqa.selenium.remote.HttpCommandExecutor.execute(HttpCommandExecutor.java:155)\r\n\tat org.openqa.selenium.remote.service.DriverCommandExecutor.execute(DriverCommandExecutor.java:83)\r\n\tat org.openqa.selenium.remote.RemoteWebDriver.execute(RemoteWebDriver.java:552)\r\n\tat org.openqa.selenium.remote.RemoteWebDriver.findElement(RemoteWebDriver.java:323)\r\n\tat org.openqa.selenium.remote.RemoteWebDriver.findElementByXPath(RemoteWebDriver.java:428)\r\n\tat org.openqa.selenium.By$ByXPath.findElement(By.java:353)\r\n\tat org.openqa.selenium.remote.RemoteWebDriver.findElement(RemoteWebDriver.java:315)\r\n\tat com.vytrack.pom.Dashboard.navigateTomodule(Dashboard.java:25)\r\n\tat com.vytrack.step_definitions.CalenderEvents.user_navigates(CalenderEvents.java:30)\r\n\tat java.base/jdk.internal.reflect.NativeMethodAccessorImpl.invoke0(Native Method)\r\n\tat java.base/jdk.internal.reflect.NativeMethodAccessorImpl.invoke(NativeMethodAccessorImpl.java:62)\r\n\tat java.base/jdk.internal.reflect.DelegatingMethodAccessorImpl.invoke(DelegatingMethodAccessorImpl.java:43)\r\n\tat java.base/java.lang.reflect.Method.invoke(Method.java:567)\r\n\tat io.cucumber.java.Invoker.doInvoke(Invoker.java:66)\r\n\tat io.cucumber.java.Invoker.invoke(Invoker.java:24)\r\n\tat io.cucumber.java.AbstractGlueDefinition.invokeMethod(AbstractGlueDefinition.java:44)\r\n\tat io.cucumber.java.JavaStepDefinition.execute(JavaStepDefinition.java:29)\r\n\tat io.cucumber.core.runner.CoreStepDefinition.execute(CoreStepDefinition.java:64)\r\n\tat io.cucumber.core.runner.PickleStepDefinitionMatch.runStep(PickleStepDefinitionMatch.java:63)\r\n\tat io.cucumber.core.runner.TestStep.executeStep(TestStep.java:92)\r\n\tat io.cucumber.core.runner.TestStep.run(TestStep.java:63)\r\n\tat io.cucumber.core.runner.PickleStepTestStep.run(PickleStepTestStep.java:49)\r\n\tat io.cucumber.core.runner.TestCase.run(TestCase.java:99)\r\n\tat io.cucumber.core.runner.Runner.runPickle(Runner.java:71)\r\n\tat io.cucumber.junit.PickleRunners$NoStepDescriptions.run(PickleRunners.java:140)\r\n\tat io.cucumber.junit.FeatureRunner.runChild(FeatureRunner.java:118)\r\n\tat io.cucumber.junit.FeatureRunner.runChild(FeatureRunner.java:24)\r\n\tat org.junit.runners.ParentRunner$4.run(ParentRunner.java:331)\r\n\tat org.junit.runners.ParentRunner$1.schedule(ParentRunner.java:79)\r\n\tat org.junit.runners.ParentRunner.runChildren(ParentRunner.java:329)\r\n\tat org.junit.runners.ParentRunner.access$100(ParentRunner.java:66)\r\n\tat org.junit.runners.ParentRunner$2.evaluate(ParentRunner.java:293)\r\n\tat org.junit.runners.ParentRunner$3.evaluate(ParentRunner.java:306)\r\n\tat org.junit.runners.ParentRunner.run(ParentRunner.java:413)\r\n\tat io.cucumber.junit.Cucumber.runChild(Cucumber.java:192)\r\n\tat io.cucumber.junit.Cucumber.runChild(Cucumber.java:88)\r\n\tat org.junit.runners.ParentRunner$4.run(ParentRunner.java:331)\r\n\tat org.apache.maven.surefire.junitcore.pc.Scheduler$1.run(Scheduler.java:410)\r\n\tat java.base/java.util.concurrent.Executors$RunnableAdapter.call(Executors.java:515)\r\n\tat java.base/java.util.concurrent.FutureTask.run(FutureTask.java:264)\r\n\tat java.base/java.util.concurrent.ThreadPoolExecutor.runWorker(ThreadPoolExecutor.java:1128)\r\n\tat java.base/java.util.concurrent.ThreadPoolExecutor$Worker.run(ThreadPoolExecutor.java:628)\r\n\tat java.base/java.lang.Thread.run(Thread.java:835)\r\nCaused by: java.net.ConnectException: Connection refused: connect\r\n\tat java.base/java.net.PlainSocketImpl.waitForConnect(Native Method)\r\n\tat java.base/java.net.PlainSocketImpl.socketConnect(PlainSocketImpl.java:107)\r\n\tat java.base/java.net.AbstractPlainSocketImpl.doConnect(AbstractPlainSocketImpl.java:399)\r\n\tat java.base/java.net.AbstractPlainSocketImpl.connectToAddress(AbstractPlainSocketImpl.java:242)\r\n\tat java.base/java.net.AbstractPlainSocketImpl.connect(AbstractPlainSocketImpl.java:224)\r\n\tat java.base/java.net.SocksSocketImpl.connect(SocksSocketImpl.java:403)\r\n\tat java.base/java.net.Socket.connect(Socket.java:591)\r\n\tat okhttp3.internal.platform.Platform.connectSocket(Platform.java:129)\r\n\tat okhttp3.internal.connection.RealConnection.connectSocket(RealConnection.java:245)\r\n\t... 61 more\r\n",
              "duration": 4254798500,
              "status": "failed"
            },
            "line": 5,
            "name": "user navigates \"Activities\" \"Calendar Events\"",
            "match": {
              "arguments": [
                {
                  "val": "\"Activities\"",
                  "offset": 15
                },
                {
                  "val": "\"Calendar Events\"",
                  "offset": 28
                }
              ],
              "location": "com.vytrack.step_definitions.CalenderEvents.user_navigates(java.lang.String,java.lang.String)"
            },
            "keyword": "When "
          },
          {
            "result": {
              "status": "skipped"
            },
            "line": 6,
            "name": "user click on create Calendar Event option",
            "match": {
              "location": "com.vytrack.step_definitions.CalenderEvents.user_click_on_create_calendar_event_option()"
            },
            "keyword": "And "
          },
          {
            "result": {
              "status": "skipped"
            },
            "line": 7,
            "name": "verify that difference between end and start time is exactly 1 hour",
            "match": {
              "arguments": [
                {
                  "val": "1",
                  "offset": 61
                }
              ],
              "location": "com.vytrack.step_definitions.createCalendarEventPage.verify_that_difference_between_end_and_start_time_is_exactly_hour(java.lang.Integer)"
            },
            "keyword": "Then "
          }
        ],
        "tags": [
          {
            "name": "@wip"
          }
        ]
      }
    ],
    "name": "Create Calendar Events Page",
    "description": "",
    "id": "create-calendar-events-page",
    "keyword": "Feature",
    "uri": "file:src/test/resources/features/createCalendarEvent.feature",
    "tags": []
  }
]